<?xml version="1.0" encoding="UTF-8"?>
<coverage generated="1604513863403" clover="3.2.0">
  <project timestamp="1604513863403" name="All files">
    <metrics statements="23" coveredstatements="21" conditionals="4" coveredconditionals="1" methods="3" coveredmethods="3" elements="30" coveredelements="25" complexity="0" loc="23" ncloc="23" packages="1" files="3" classes="3"/>
    <file name="create_interfaces.js" path="C:\Users\Owner\github\nokia\create_interfaces.js">
      <metrics statements="8" coveredstatements="8" conditionals="0" coveredconditionals="0" methods="1" coveredmethods="1"/>
      <line num="1" count="1" type="stmt"/>
      <line num="3" count="1" type="stmt"/>
      <line num="4" count="1" type="stmt"/>
      <line num="5" count="1" type="stmt"/>
      <line num="8" count="100" type="stmt"/>
      <line num="9" count="100" type="stmt"/>
      <line num="11" count="1" type="stmt"/>
      <line num="13" count="1" type="stmt"/>
    </file>
    <file name="main.js" path="C:\Users\Owner\github\nokia\main.js">
      <metrics statements="7" coveredstatements="7" conditionals="0" coveredconditionals="0" methods="1" coveredmethods="1"/>
      <line num="1" count="1" type="stmt"/>
      <line num="2" count="1" type="stmt"/>
      <line num="3" count="1" type="stmt"/>
      <line num="5" count="1" type="stmt"/>
      <line num="12" count="1" type="stmt"/>
      <line num="14" count="1" type="stmt"/>
      <line num="15" count="1" type="stmt"/>
    </file>
    <file name="send_to_system.js" path="C:\Users\Owner\github\nokia\send_to_system.js">
      <metrics statements="8" coveredstatements="6" conditionals="4" coveredconditionals="1" methods="1" coveredmethods="1"/>
      <line num="1" count="1" type="stmt"/>
      <line num="3" count="1" type="stmt"/>
      <line num="6" count="1" type="stmt"/>
      <line num="7" count="1" type="stmt"/>
      <line num="9" count="1" type="cond" truecount="1" falsecount="1"/>
      <line num="10" count="1" type="stmt"/>
      <line num="11" count="0" type="cond" truecount="0" falsecount="2"/>
      <line num="12" count="0" type="stmt"/>
    </file>
  </project>
</coverage>
