{"C:\\Users\\Owner\\github\\nokia\\create_interfaces.js": {"path":"C:\\Users\\Owner\\github\\nokia\\create_interfaces.js","statementMap":{"0":{"start":{"line":1,"column":10},"end":{"line":12,"column":1}},"1":{"start":{"line":3,"column":10},"end":{"line":3,"column":12}},"2":{"start":{"line":4,"column":13},"end":{"line":4,"column":14}},"3":{"start":{"line":5,"column":4},"end":{"line":10,"column":5}},"4":{"start":{"line":5,"column":14},"end":{"line":5,"column":15}},"5":{"start":{"line":8,"column":8},"end":{"line":8,"column":47}},"6":{"start":{"line":9,"column":9},"end":{"line":9,"column":20}},"7":{"start":{"line":11,"column":4},"end":{"line":11,"column":15}},"8":{"start":{"line":13,"column":0},"end":{"line":13,"column":19}}},"fnMap":{"0":{"name":"create_interfaces","decl":{"start":{"line":1,"column":19},"end":{"line":1,"column":36}},"loc":{"start":{"line":2,"column":0},"end":{"line":12,"column":1}},"line":2}},"branchMap":{},"s":{"0":1,"1":1,"2":1,"3":1,"4":1,"5":100,"6":100,"7":1,"8":1},"f":{"0":1},"b":{},"_coverageSchema":"1a1c01bbd47fc00a2c39e90264f33305004495a9","hash":"379993b19bc77ba45a53cbcc9575594a9b357d14"}
,"C:\\Users\\Owner\\github\\nokia\\main.js": {"path":"C:\\Users\\Owner\\github\\nokia\\main.js","statementMap":{"0":{"start":{"line":1,"column":14},"end":{"line":1,"column":30}},"1":{"start":{"line":2,"column":26},"end":{"line":2,"column":56}},"2":{"start":{"line":3,"column":20},"end":{"line":3,"column":47}},"3":{"start":{"line":5,"column":0},"end":{"line":16,"column":2}},"4":{"start":{"line":12,"column":0},"end":{"line":12,"column":25}},"5":{"start":{"line":14,"column":0},"end":{"line":14,"column":24}},"6":{"start":{"line":15,"column":0},"end":{"line":15,"column":13}}},"fnMap":{"0":{"name":"main","decl":{"start":{"line":5,"column":26},"end":{"line":5,"column":30}},"loc":{"start":{"line":6,"column":0},"end":{"line":16,"column":1}},"line":6}},"branchMap":{},"s":{"0":1,"1":1,"2":1,"3":1,"4":1,"5":1,"6":1},"f":{"0":1},"b":{},"_coverageSchema":"1a1c01bbd47fc00a2c39e90264f33305004495a9","hash":"6f5206925516244cc04dff49e669baa95c03a457"}
,"C:\\Users\\Owner\\github\\nokia\\send_to_system.js": {"path":"C:\\Users\\Owner\\github\\nokia\\send_to_system.js","statementMap":{"0":{"start":{"line":1,"column":26},"end":{"line":1,"column":56}},"1":{"start":{"line":3,"column":0},"end":{"line":13,"column":1}},"2":{"start":{"line":6,"column":15},"end":{"line":6,"column":29}},"3":{"start":{"line":7,"column":20},"end":{"line":7,"column":40}},"4":{"start":{"line":9,"column":10},"end":{"line":10,"column":22}},"5":{"start":{"line":10,"column":12},"end":{"line":10,"column":22}},"6":{"start":{"line":11,"column":10},"end":{"line":12,"column":25}},"7":{"start":{"line":12,"column":10},"end":{"line":12,"column":25}}},"fnMap":{"0":{"name":"send_to_system","decl":{"start":{"line":3,"column":26},"end":{"line":3,"column":40}},"loc":{"start":{"line":4,"column":0},"end":{"line":13,"column":1}},"line":4}},"branchMap":{"0":{"loc":{"start":{"line":9,"column":10},"end":{"line":10,"column":22}},"type":"if","locations":[{"start":{"line":9,"column":10},"end":{"line":10,"column":22}},{"start":{"line":9,"column":10},"end":{"line":10,"column":22}}],"line":9},"1":{"loc":{"start":{"line":11,"column":10},"end":{"line":12,"column":25}},"type":"if","locations":[{"start":{"line":11,"column":10},"end":{"line":12,"column":25}},{"start":{"line":11,"column":10},"end":{"line":12,"column":25}}],"line":11}},"s":{"0":1,"1":1,"2":1,"3":1,"4":1,"5":1,"6":0,"7":0},"f":{"0":1},"b":{"0":[1,0],"1":[0,0]},"_coverageSchema":"1a1c01bbd47fc00a2c39e90264f33305004495a9","hash":"cfd9c62bc6bd2630bce094b0b85ebbffb4141590"}
}
