TN:
SF:create_interfaces.js
FN:1,create_interfaces
FNF:1
FNH:1
FNDA:1,create_interfaces
DA:1,1
DA:3,1
DA:4,1
DA:5,1
DA:8,100
DA:9,100
DA:11,1
DA:13,1
LF:8
LH:8
BRF:0
BRH:0
end_of_record
TN:
SF:main.js
FN:5,main
FNF:1
FNH:1
FNDA:1,main
DA:1,1
DA:2,1
DA:3,1
DA:5,1
DA:12,1
DA:14,1
DA:15,1
LF:7
LH:7
BRF:0
BRH:0
end_of_record
TN:
SF:send_to_system.js
FN:3,send_to_system
FNF:1
FNH:1
FNDA:1,send_to_system
DA:1,1
DA:3,1
DA:6,1
DA:7,1
DA:9,1
DA:10,1
DA:11,0
DA:12,0
LF:8
LH:6
BRDA:9,0,0,1
BRDA:9,0,1,0
BRDA:11,1,0,0
BRDA:11,1,1,0
BRF:4
BRH:1
end_of_record
